<?xml version="1.0" encoding="UTF-8"?>
<!-- Generated by org.testng.reporters.JUnitReportReporter -->
<testsuite hostname="LAPTOP-EKHVOIMF" failures="0" tests="1" name="scripts.TestCase1" time="3.402" errors="0" timestamp="2025-06-07T09:51:45 IST" skipped="0">
  <testcase classname="scripts.TestCase1" name="tc1" time="3.402"/>
  <system-out/>
</testsuite> <!-- scripts.TestCase1 -->
